<?xml version="1.0" encoding="UTF-8"?>
<!-- Generated by org.testng.reporters.JUnitXMLReporter -->
<testsuite ignored="0" hostname="Guillermos-MacBook-Pro.local" failures="0" tests="5" name="Default test" time="4.636" errors="0" timestamp="2021-01-24T20:17:24 PET">
  <testcase classname="services.TranzactServicesTest" name="verifyCountryDE" time="2.418"/>
  <testcase classname="services.TranzactServicesTest" name="verifyCountryGB" time="0.716"/>
  <testcase classname="services.TranzactServicesTest" name="verifyCountryUS" time="0.806"/>
  <testcase classname="services.TranzactServicesTest" name="verifyCreateCountryTEST" time="0.001"/>
  <testcase classname="services.TranzactServicesTest" name="verifyInexistentCountryXW" time="0.664"/>
</testsuite> <!-- Default test -->
