<?xml version="1.0" encoding="UTF-8"?>
<testng-results ignored="0" total="5" passed="5" failed="0" skipped="0">
  <reporter-output>
  </reporter-output>
  <suite started-at="2021-01-24T20:17:19 PET" name="Default suite" finished-at="2021-01-24T20:17:24 PET" duration-ms="4636">
    <groups>
    </groups>
    <test started-at="2021-01-24T20:17:19 PET" name="Default test" finished-at="2021-01-24T20:17:24 PET" duration-ms="4636">
      <class name="services.TranzactServicesTest">
        <test-method signature="verifyCountryDE()[pri:0, instance:services.TranzactServicesTest@73ee04c8]" started-at="2021-01-24T20:17:19 PET" name="verifyCountryDE" finished-at="2021-01-24T20:17:22 PET" duration-ms="2418" status="PASS">
          <reporter-output>
          </reporter-output>
        </test-method> <!-- verifyCountryDE -->
        <test-method signature="verifyCountryGB()[pri:0, instance:services.TranzactServicesTest@73ee04c8]" started-at="2021-01-24T20:17:22 PET" name="verifyCountryGB" finished-at="2021-01-24T20:17:22 PET" duration-ms="716" status="PASS">
          <reporter-output>
          </reporter-output>
        </test-method> <!-- verifyCountryGB -->
        <test-method signature="verifyCountryUS()[pri:0, instance:services.TranzactServicesTest@73ee04c8]" started-at="2021-01-24T20:17:22 PET" name="verifyCountryUS" finished-at="2021-01-24T20:17:23 PET" duration-ms="806" status="PASS">
          <reporter-output>
          </reporter-output>
        </test-method> <!-- verifyCountryUS -->
        <test-method signature="verifyCreateCountryTEST()[pri:0, instance:services.TranzactServicesTest@73ee04c8]" started-at="2021-01-24T20:17:23 PET" name="verifyCreateCountryTEST" finished-at="2021-01-24T20:17:23 PET" duration-ms="1" status="PASS">
          <reporter-output>
          </reporter-output>
        </test-method> <!-- verifyCreateCountryTEST -->
        <test-method signature="verifyInexistentCountryXW()[pri:0, instance:services.TranzactServicesTest@73ee04c8]" started-at="2021-01-24T20:17:23 PET" name="verifyInexistentCountryXW" finished-at="2021-01-24T20:17:24 PET" duration-ms="664" status="PASS">
          <reporter-output>
          </reporter-output>
        </test-method> <!-- verifyInexistentCountryXW -->
      </class> <!-- services.TranzactServicesTest -->
    </test> <!-- Default test -->
  </suite> <!-- Default suite -->
</testng-results>
